<?xml version="1.0" encoding="UTF-8"?>
<!-- Generated by org.testng.reporters.JUnitReportReporter -->
<testsuite hostname="DESKTOP-B207BME" failures="0" tests="2" name="sample.RestAPITest" time="0.044" errors="0" timestamp="2021-11-24T09:51:10 IST" skipped="0">
  <testcase classname="sample.RestAPITest" name="RestAPILogout" time="0.009"/>
  <testcase classname="sample.RestAPITest" name="RestAPILogin" time="0.035"/>
</testsuite> <!-- sample.RestAPITest -->
