<?xml version="1.0" encoding="UTF-8"?>
<!-- Generated by org.testng.reporters.JUnitReportReporter -->
<testsuite hostname="DESKTOP-B207BME" failures="0" tests="2" name="sample.SeleniumTest" time="0.008" errors="0" timestamp="2021-11-24T09:51:10 IST" skipped="0">
  <testcase classname="sample.SeleniumTest" name="seleniumweblogout" time="0.004"/>
  <testcase classname="sample.SeleniumTest" name="seleniumweblogin" time="0.004"/>
</testsuite> <!-- sample.SeleniumTest -->
