<?xml version="1.0" encoding="UTF-8"?>
<!-- Generated by org.testng.reporters.JUnitReportReporter -->
<testsuite hostname="DESKTOP-B207BME" failures="0" tests="2" name="sample.AppiumTest" time="0.018" errors="0" timestamp="2021-11-25T12:36:22 IST" skipped="0">
  <testcase classname="sample.AppiumTest" name="AppiumMobileLogout" time="0.001"/>
  <system-out/>
  <testcase classname="sample.AppiumTest" name="AppiumMobileLogin" time="0.017"/>
  <system-out/>
</testsuite> <!-- sample.AppiumTest -->
