<?xml version="1.0" encoding="UTF-8"?>
<!-- Generated by org.testng.reporters.JUnitReportReporter -->
<testsuite hostname="DESKTOP-B207BME" failures="0" tests="2" name="sample.SeleniumTest" time="0.002" errors="0" timestamp="2021-11-25T12:36:21 IST" skipped="0">
  <testcase classname="sample.SeleniumTest" name="seleniumweblogin" time="0.001"/>
  <system-out/>
  <testcase classname="sample.SeleniumTest" name="seleniumweblogout" time="0.001"/>
  <system-out/>
</testsuite> <!-- sample.SeleniumTest -->
